[2025-06-08T12:30:58.453556800+09:00[Asia/Seoul]] 호출된 메서드: sayHello()
[2025-06-08T12:30:58.459555500+09:00[Asia/Seoul]] 호출된 메서드: add()
[2025-06-08T12:30:58.461556300+09:00[Asia/Seoul]] 호출된 메서드: getWeather()
[2025-06-08T12:30:58.462555300+09:00[Asia/Seoul]] 호출된 메서드: getHeadline()
[2025-06-08T12:30:58.467555300+09:00[Asia/Seoul]] 호출된 메서드: multiply()
[2025-06-08T16:35:59.254476800+09:00[Asia/Seoul]] 호출된 메서드: sayHello()
[2025-06-08T16:35:59.259475800+09:00[Asia/Seoul]] 호출된 메서드: add()
[2025-06-08T16:35:59.271475100+09:00[Asia/Seoul]] 호출된 메서드: getWeather()
[2025-06-08T16:35:59.275476900+09:00[Asia/Seoul]] 호출된 메서드: getHeadline()
[2025-06-08T16:35:59.278475600+09:00[Asia/Seoul]] 호출된 메서드: multiply()
[2025-06-09T13:38:34.122670500+09:00[Asia/Seoul]] 호출된 메서드: sayHello()
[2025-06-09T13:38:34.143660800+09:00[Asia/Seoul]] 호출된 메서드: add()
[2025-06-09T13:38:34.159649900+09:00[Asia/Seoul]] 호출된 메서드: getWeather()
[2025-06-09T13:38:34.170643700+09:00[Asia/Seoul]] 호출된 메서드: getHeadline()
[2025-06-09T13:38:34.185636900+09:00[Asia/Seoul]] 호출된 메서드: multiply()
[2025-06-09T14:09:39.579533500+09:00[Asia/Seoul]] 호출된 메서드: sayHello()
[2025-06-09T14:09:39.601520600+09:00[Asia/Seoul]] 호출된 메서드: add()
[2025-06-09T14:09:39.614513200+09:00[Asia/Seoul]] 호출된 메서드: getWeather()
[2025-06-09T14:09:39.624507300+09:00[Asia/Seoul]] 호출된 메서드: getHeadline()
[2025-06-09T14:09:39.636500700+09:00[Asia/Seoul]] 호출된 메서드: multiply()
[2025-06-09T15:14:48.585581900+09:00[Asia/Seoul]] 호출된 메서드: sayHello()
[2025-06-09T15:14:48.605570800+09:00[Asia/Seoul]] 호출된 메서드: add()
[2025-06-09T15:14:48.618563500+09:00[Asia/Seoul]] 호출된 메서드: getWeather()
[2025-06-09T15:14:48.627558200+09:00[Asia/Seoul]] 호출된 메서드: getHeadline()
[2025-06-09T15:14:48.635554200+09:00[Asia/Seoul]] 호출된 메서드: multiply()
[2025-06-09T16:06:18.207550800+09:00[Asia/Seoul]] 호출된 메서드: sayHello()
[2025-06-09T16:06:18.226539500+09:00[Asia/Seoul]] 호출된 메서드: add()
[2025-06-09T16:06:18.241530700+09:00[Asia/Seoul]] 호출된 메서드: getWeather()
[2025-06-09T16:06:18.249526400+09:00[Asia/Seoul]] 호출된 메서드: getHeadline()
[2025-06-09T16:06:18.259520400+09:00[Asia/Seoul]] 호출된 메서드: multiply()
[2025-06-09T16:06:50.966263200+09:00[Asia/Seoul]] 호출된 메서드: sayHello()
[2025-06-09T16:11:18.223828300+09:00[Asia/Seoul]] 호출된 메서드: add()
[2025-06-09T16:11:26.744653500+09:00[Asia/Seoul]] 호출된 메서드: getWeather()
[2025-06-09T16:11:27.947587600+09:00[Asia/Seoul]] 호출된 메서드: getHeadline()
[2025-06-09T16:11:28.609963600+09:00[Asia/Seoul]] 호출된 메서드: multiply()
